[debug] [2024-02-14T21:25:56.899Z] ----------------------------------------------------------------------
[debug] [2024-02-14T21:25:56.901Z] Command:       C:\Program Files\nodejs\node.exe C:\Users\edson\AppData\Roaming\npm\node_modules\firebase-tools\lib\bin\firebase.js init
[debug] [2024-02-14T21:25:56.901Z] CLI Version:   13.2.1
[debug] [2024-02-14T21:25:56.902Z] Platform:      win32
[debug] [2024-02-14T21:25:56.902Z] Node Version:  v20.9.0
[debug] [2024-02-14T21:25:56.902Z] Time:          Wed Feb 14 2024 16:25:56 GMT-0500 (hora estándar de Colombia)
[debug] [2024-02-14T21:25:56.902Z] ----------------------------------------------------------------------
[debug] 
[debug] [2024-02-14T21:25:56.907Z] > command requires scopes: ["email","openid","https://www.googleapis.com/auth/cloudplatformprojects.readonly","https://www.googleapis.com/auth/firebase","https://www.googleapis.com/auth/cloud-platform"]
[debug] [2024-02-14T21:25:56.908Z] > authorizing via signed-in user (edsoncr798@gmail.com)
[info] 
     ######## #### ########  ######## ########     ###     ######  ########
     ##        ##  ##     ## ##       ##     ##  ##   ##  ##       ##
     ######    ##  ########  ######   ########  #########  ######  ######
     ##        ##  ##    ##  ##       ##     ## ##     ##       ## ##
     ##       #### ##     ## ######## ########  ##     ##  ######  ########

You're about to initialize a Firebase project in this directory:

  C:\proyectos personales\ecommers-app

Before we get started, keep in mind:

  * You are currently outside your home directory

[info] 
=== Project Setup
[info] 
[info] First, let's associate this project directory with a Firebase project.
[info] You can create multiple project aliases by running firebase use --add, 
[info] but for now we'll just set up a default project.
[info] 
[debug] [2024-02-14T21:29:28.949Z] >>> [apiv2][query] GET https://firebase.googleapis.com/v1beta1/projects pageSize=100
[debug] [2024-02-14T21:29:29.961Z] <<< [apiv2][status] GET https://firebase.googleapis.com/v1beta1/projects 200
[debug] [2024-02-14T21:29:29.961Z] <<< [apiv2][body] GET https://firebase.googleapis.com/v1beta1/projects [omitted]
[info] i  Using project ecommerce-back-f101f (ecommerce-back) 
[info] 
=== Database Setup
[info] i  database: ensuring required API firebasedatabase.googleapis.com is enabled... 
[debug] [2024-02-14T21:29:44.744Z] >>> [apiv2][query] GET https://serviceusage.googleapis.com/v1/projects/ecommerce-back-f101f/services/firebasedatabase.googleapis.com [none]
[debug] [2024-02-14T21:29:44.745Z] >>> [apiv2][(partial)header] GET https://serviceusage.googleapis.com/v1/projects/ecommerce-back-f101f/services/firebasedatabase.googleapis.com x-goog-quota-user=projects/ecommerce-back-f101f
[debug] [2024-02-14T21:29:46.409Z] <<< [apiv2][status] GET https://serviceusage.googleapis.com/v1/projects/ecommerce-back-f101f/services/firebasedatabase.googleapis.com 200
[debug] [2024-02-14T21:29:46.409Z] <<< [apiv2][body] GET https://serviceusage.googleapis.com/v1/projects/ecommerce-back-f101f/services/firebasedatabase.googleapis.com [omitted]
[warn] !  database: missing required API firebasedatabase.googleapis.com. Enabling now... 
[debug] [2024-02-14T21:29:46.411Z] >>> [apiv2][query] POST https://serviceusage.googleapis.com/v1/projects/ecommerce-back-f101f/services/firebasedatabase.googleapis.com:enable [none]
[debug] [2024-02-14T21:29:46.412Z] >>> [apiv2][(partial)header] POST https://serviceusage.googleapis.com/v1/projects/ecommerce-back-f101f/services/firebasedatabase.googleapis.com:enable x-goog-quota-user=projects/ecommerce-back-f101f
[debug] [2024-02-14T21:29:47.160Z] <<< [apiv2][status] POST https://serviceusage.googleapis.com/v1/projects/ecommerce-back-f101f/services/firebasedatabase.googleapis.com:enable 200
[debug] [2024-02-14T21:29:47.161Z] <<< [apiv2][body] POST https://serviceusage.googleapis.com/v1/projects/ecommerce-back-f101f/services/firebasedatabase.googleapis.com:enable [omitted]
[debug] [2024-02-14T21:29:57.170Z] >>> [apiv2][query] GET https://serviceusage.googleapis.com/v1/projects/ecommerce-back-f101f/services/firebasedatabase.googleapis.com [none]
[debug] [2024-02-14T21:29:57.170Z] >>> [apiv2][(partial)header] GET https://serviceusage.googleapis.com/v1/projects/ecommerce-back-f101f/services/firebasedatabase.googleapis.com x-goog-quota-user=projects/ecommerce-back-f101f
[debug] [2024-02-14T21:29:58.466Z] <<< [apiv2][status] GET https://serviceusage.googleapis.com/v1/projects/ecommerce-back-f101f/services/firebasedatabase.googleapis.com 200
[debug] [2024-02-14T21:29:58.467Z] <<< [apiv2][body] GET https://serviceusage.googleapis.com/v1/projects/ecommerce-back-f101f/services/firebasedatabase.googleapis.com [omitted]
[info] +  database: required API firebasedatabase.googleapis.com is enabled 
[info] 
[debug] [2024-02-14T21:29:58.474Z] >>> [apiv2][query] GET https://firebase.googleapis.com/v1beta1/projects/ecommerce-back-f101f [none]
[debug] [2024-02-14T21:29:58.996Z] <<< [apiv2][status] GET https://firebase.googleapis.com/v1beta1/projects/ecommerce-back-f101f 200
[debug] [2024-02-14T21:29:58.997Z] <<< [apiv2][body] GET https://firebase.googleapis.com/v1beta1/projects/ecommerce-back-f101f {"projectId":"ecommerce-back-f101f","projectNumber":"317867567246","displayName":"ecommerce-back","name":"projects/ecommerce-back-f101f","resources":{"hostingSite":"ecommerce-back-f101f","storageBucket":"ecommerce-back-f101f.appspot.com","locationId":"us-central"},"state":"ACTIVE","etag":"1_72ac990f-6d01-40e9-af0d-080aa9bffb32"}
[debug] [2024-02-14T21:30:53.957Z] >>> [apiv2][query] POST https://firebasedatabase.googleapis.com/v1beta/projects/ecommerce-back-f101f/locations/us-central1/instances databaseId=ecommerce-back-f101f-default-rtdb&validateOnly=true
[debug] [2024-02-14T21:30:53.958Z] >>> [apiv2][body] POST https://firebasedatabase.googleapis.com/v1beta/projects/ecommerce-back-f101f/locations/us-central1/instances {"type":"default_database"}
[debug] [2024-02-14T21:30:55.458Z] <<< [apiv2][status] POST https://firebasedatabase.googleapis.com/v1beta/projects/ecommerce-back-f101f/locations/us-central1/instances 200
[debug] [2024-02-14T21:30:55.458Z] <<< [apiv2][body] POST https://firebasedatabase.googleapis.com/v1beta/projects/ecommerce-back-f101f/locations/us-central1/instances {"name":"projects/317867567246/locations/us-central1/instances/ecommerce-back-f101f-default-rtdb","project":"projects/317867567246","databaseUrl":"https://ecommerce-back-f101f-default-rtdb.firebaseio.com","type":"DEFAULT_DATABASE","state":"ACTIVE"}
[debug] [2024-02-14T21:30:55.461Z] >>> [apiv2][query] POST https://firebasedatabase.googleapis.com/v1beta/projects/ecommerce-back-f101f/locations/us-central1/instances databaseId=ecommerce-back-f101f-default-rtdb
[debug] [2024-02-14T21:30:55.461Z] >>> [apiv2][body] POST https://firebasedatabase.googleapis.com/v1beta/projects/ecommerce-back-f101f/locations/us-central1/instances {"type":"default_database"}
[debug] [2024-02-14T21:30:56.121Z] <<< [apiv2][status] POST https://firebasedatabase.googleapis.com/v1beta/projects/ecommerce-back-f101f/locations/us-central1/instances 200
[debug] [2024-02-14T21:30:56.122Z] <<< [apiv2][body] POST https://firebasedatabase.googleapis.com/v1beta/projects/ecommerce-back-f101f/locations/us-central1/instances {"name":"projects/317867567246/locations/us-central1/instances/ecommerce-back-f101f-default-rtdb","project":"projects/317867567246","databaseUrl":"https://ecommerce-back-f101f-default-rtdb.firebaseio.com","type":"DEFAULT_DATABASE","state":"ACTIVE"}
[info] 
[info] Firebase Realtime Database Security Rules allow you to define how your data should be
[info] structured and when your data can be read from and written to.
[info] 
[debug] [2024-02-14T21:31:20.664Z] >>> [apiv2][query] GET https://ecommerce-back-f101f-default-rtdb.firebaseio.com/.settings/rules.json [none]
[debug] [2024-02-14T21:31:21.992Z] <<< [apiv2][status] GET https://ecommerce-back-f101f-default-rtdb.firebaseio.com/.settings/rules.json 200
[debug] [2024-02-14T21:31:21.993Z] <<< [apiv2][body] GET https://ecommerce-back-f101f-default-rtdb.firebaseio.com/.settings/rules.json [stream]
[info] +  Database Rules for ecommerce-back-f101f-default-rtdb have been written to database.rules.json. 
[info] Future modifications to database.rules.json will update Realtime Database Security Rules when you run
[info] firebase deploy.
[info] 
=== Firestore Setup
[debug] [2024-02-14T21:31:21.997Z] >>> [apiv2][query] GET https://serviceusage.googleapis.com/v1/projects/ecommerce-back-f101f/services/firestore.googleapis.com [none]
[debug] [2024-02-14T21:31:21.997Z] >>> [apiv2][(partial)header] GET https://serviceusage.googleapis.com/v1/projects/ecommerce-back-f101f/services/firestore.googleapis.com x-goog-quota-user=projects/ecommerce-back-f101f
[debug] [2024-02-14T21:31:23.344Z] <<< [apiv2][status] GET https://serviceusage.googleapis.com/v1/projects/ecommerce-back-f101f/services/firestore.googleapis.com 200
[debug] [2024-02-14T21:31:23.345Z] <<< [apiv2][body] GET https://serviceusage.googleapis.com/v1/projects/ecommerce-back-f101f/services/firestore.googleapis.com [omitted]
[debug] [2024-02-14T21:31:23.346Z] >>> [apiv2][query] GET https://firestore.googleapis.com/v1/projects/ecommerce-back-f101f/databases/(default) [none]
[debug] [2024-02-14T21:31:24.750Z] <<< [apiv2][status] GET https://firestore.googleapis.com/v1/projects/ecommerce-back-f101f/databases/(default) 200
[debug] [2024-02-14T21:31:24.750Z] <<< [apiv2][body] GET https://firestore.googleapis.com/v1/projects/ecommerce-back-f101f/databases/(default) {"name":"projects/ecommerce-back-f101f/databases/(default)","uid":"11f01135-8fc9-4b6d-b221-8c52afd785ef","createTime":"2024-02-12T23:39:59.661386Z","updateTime":"2024-02-12T23:39:59.661386Z","locationId":"nam5","type":"FIRESTORE_NATIVE","concurrencyMode":"PESSIMISTIC","versionRetentionPeriod":"3600s","earliestVersionTime":"2024-02-14T20:31:25.771777Z","appEngineIntegrationMode":"DISABLED","keyPrefix":"s","pointInTimeRecoveryEnablement":"POINT_IN_TIME_RECOVERY_DISABLED","deleteProtectionState":"DELETE_PROTECTION_DISABLED","etag":"IJjSot3jq4QDMOn+pZ/fq4QD"}
[debug] [2024-02-14T21:31:24.751Z] database_type: FIRESTORE_NATIVE
[debug] [2024-02-14T21:31:24.751Z] > command requires scopes: ["email","openid","https://www.googleapis.com/auth/cloudplatformprojects.readonly","https://www.googleapis.com/auth/firebase","https://www.googleapis.com/auth/cloud-platform"]
[debug] [2024-02-14T21:31:24.752Z] > authorizing via signed-in user (edsoncr798@gmail.com)
[debug] [2024-02-14T21:31:24.752Z] [iam] checking project ecommerce-back-f101f for permissions ["firebase.projects.get"]
[debug] [2024-02-14T21:31:24.753Z] >>> [apiv2][query] POST https://cloudresourcemanager.googleapis.com/v1/projects/ecommerce-back-f101f:testIamPermissions [none]
[debug] [2024-02-14T21:31:24.754Z] >>> [apiv2][(partial)header] POST https://cloudresourcemanager.googleapis.com/v1/projects/ecommerce-back-f101f:testIamPermissions x-goog-quota-user=projects/ecommerce-back-f101f
[debug] [2024-02-14T21:31:24.754Z] >>> [apiv2][body] POST https://cloudresourcemanager.googleapis.com/v1/projects/ecommerce-back-f101f:testIamPermissions {"permissions":["firebase.projects.get"]}
[debug] [2024-02-14T21:31:26.067Z] <<< [apiv2][status] POST https://cloudresourcemanager.googleapis.com/v1/projects/ecommerce-back-f101f:testIamPermissions 200
[debug] [2024-02-14T21:31:26.068Z] <<< [apiv2][body] POST https://cloudresourcemanager.googleapis.com/v1/projects/ecommerce-back-f101f:testIamPermissions {"permissions":["firebase.projects.get"]}
[info] 
[info] Firestore Security Rules allow you to define how and when to allow
[info] requests. You can keep these rules in your project directory
[info] and publish them with firebase deploy.
[info] 
[debug] [2024-02-14T21:31:37.260Z] >>> [apiv2][query] GET https://firebaserules.googleapis.com/v1/projects/ecommerce-back-f101f/releases pageSize=10&pageToken=
[debug] [2024-02-14T21:31:38.696Z] <<< [apiv2][status] GET https://firebaserules.googleapis.com/v1/projects/ecommerce-back-f101f/releases 200
[debug] [2024-02-14T21:31:38.696Z] <<< [apiv2][body] GET https://firebaserules.googleapis.com/v1/projects/ecommerce-back-f101f/releases {"releases":[{"name":"projects/ecommerce-back-f101f/releases/cloud.firestore","rulesetName":"projects/ecommerce-back-f101f/rulesets/a18b1f6e-5fbc-45f4-a65b-8547653a40fe","createTime":"2024-02-13T00:33:31.304214Z","updateTime":"2024-02-13T00:33:31.304214Z"},{"name":"projects/ecommerce-back-f101f/releases/firebase.storage/ecommerce-back-f101f.appspot.com","rulesetName":"projects/ecommerce-back-f101f/rulesets/a003a176-5191-4a1c-87bc-7ccfb83bbcbf","createTime":"2024-02-14T21:14:29.474331Z","updateTime":"2024-02-14T21:14:29.474331Z"}]}
[debug] [2024-02-14T21:31:38.696Z] Found ruleset: projects/ecommerce-back-f101f/rulesets/a18b1f6e-5fbc-45f4-a65b-8547653a40fe
[debug] [2024-02-14T21:31:38.696Z] >>> [apiv2][query] GET https://firebaserules.googleapis.com/v1/projects/ecommerce-back-f101f/rulesets/a18b1f6e-5fbc-45f4-a65b-8547653a40fe [none]
[debug] [2024-02-14T21:31:39.756Z] <<< [apiv2][status] GET https://firebaserules.googleapis.com/v1/projects/ecommerce-back-f101f/rulesets/a18b1f6e-5fbc-45f4-a65b-8547653a40fe 200
[debug] [2024-02-14T21:31:39.757Z] <<< [apiv2][body] GET https://firebaserules.googleapis.com/v1/projects/ecommerce-back-f101f/rulesets/a18b1f6e-5fbc-45f4-a65b-8547653a40fe [omitted]
[info] 
[info] Firestore indexes allow you to perform complex queries while
[info] maintaining performance that scales with the size of the result
[info] set. You can keep index definitions in your project directory
[info] and publish them with firebase deploy.
[info] 
[debug] [2024-02-14T21:31:43.480Z] >>> [apiv2][query] GET https://firestore.googleapis.com/v1/projects/ecommerce-back-f101f/databases/(default)/collectionGroups/-/indexes [none]
[debug] [2024-02-14T21:31:43.483Z] >>> [apiv2][query] GET https://firestore.googleapis.com/v1/projects/ecommerce-back-f101f/databases/(default)/collectionGroups/-/fields?filter=indexConfig.usesAncestorConfig=false OR ttlConfig:* [none]
[debug] [2024-02-14T21:31:44.841Z] <<< [apiv2][status] GET https://firestore.googleapis.com/v1/projects/ecommerce-back-f101f/databases/(default)/collectionGroups/-/fields?filter=indexConfig.usesAncestorConfig=false OR ttlConfig:* 200
[debug] [2024-02-14T21:31:44.842Z] <<< [apiv2][body] GET https://firestore.googleapis.com/v1/projects/ecommerce-back-f101f/databases/(default)/collectionGroups/-/fields?filter=indexConfig.usesAncestorConfig=false OR ttlConfig:* {"fields":[{"name":"projects/ecommerce-back-f101f/databases/(default)/collectionGroups/__default__/fields/*","indexConfig":{"indexes":[{"queryScope":"COLLECTION","fields":[{"fieldPath":"*","order":"ASCENDING"}],"state":"READY"},{"queryScope":"COLLECTION","fields":[{"fieldPath":"*","order":"DESCENDING"}],"state":"READY"},{"queryScope":"COLLECTION","fields":[{"fieldPath":"*","arrayConfig":"CONTAINS"}],"state":"READY"}]}}]}
[debug] [2024-02-14T21:31:44.856Z] <<< [apiv2][status] GET https://firestore.googleapis.com/v1/projects/ecommerce-back-f101f/databases/(default)/collectionGroups/-/indexes 200
[debug] [2024-02-14T21:31:44.856Z] <<< [apiv2][body] GET https://firestore.googleapis.com/v1/projects/ecommerce-back-f101f/databases/(default)/collectionGroups/-/indexes {}
[info] 
=== Functions Setup
[debug] [2024-02-14T21:31:44.860Z] > command requires scopes: ["email","openid","https://www.googleapis.com/auth/cloudplatformprojects.readonly","https://www.googleapis.com/auth/firebase","https://www.googleapis.com/auth/cloud-platform"]
[debug] [2024-02-14T21:31:44.860Z] > authorizing via signed-in user (edsoncr798@gmail.com)
[debug] [2024-02-14T21:31:44.861Z] [iam] checking project ecommerce-back-f101f for permissions ["firebase.projects.get"]
[debug] [2024-02-14T21:31:44.861Z] >>> [apiv2][query] POST https://cloudresourcemanager.googleapis.com/v1/projects/ecommerce-back-f101f:testIamPermissions [none]
[debug] [2024-02-14T21:31:44.861Z] >>> [apiv2][(partial)header] POST https://cloudresourcemanager.googleapis.com/v1/projects/ecommerce-back-f101f:testIamPermissions x-goog-quota-user=projects/ecommerce-back-f101f
[debug] [2024-02-14T21:31:44.862Z] >>> [apiv2][body] POST https://cloudresourcemanager.googleapis.com/v1/projects/ecommerce-back-f101f:testIamPermissions {"permissions":["firebase.projects.get"]}
[debug] [2024-02-14T21:31:45.979Z] <<< [apiv2][status] POST https://cloudresourcemanager.googleapis.com/v1/projects/ecommerce-back-f101f:testIamPermissions 200
[debug] [2024-02-14T21:31:45.980Z] <<< [apiv2][body] POST https://cloudresourcemanager.googleapis.com/v1/projects/ecommerce-back-f101f:testIamPermissions {"permissions":["firebase.projects.get"]}
[debug] [2024-02-14T21:31:45.980Z] >>> [apiv2][query] GET https://serviceusage.googleapis.com/v1/projects/ecommerce-back-f101f/services/cloudfunctions.googleapis.com [none]
[debug] [2024-02-14T21:31:45.981Z] >>> [apiv2][(partial)header] GET https://serviceusage.googleapis.com/v1/projects/ecommerce-back-f101f/services/cloudfunctions.googleapis.com x-goog-quota-user=projects/ecommerce-back-f101f
[debug] [2024-02-14T21:31:45.985Z] >>> [apiv2][query] GET https://serviceusage.googleapis.com/v1/projects/ecommerce-back-f101f/services/runtimeconfig.googleapis.com [none]
[debug] [2024-02-14T21:31:45.986Z] >>> [apiv2][(partial)header] GET https://serviceusage.googleapis.com/v1/projects/ecommerce-back-f101f/services/runtimeconfig.googleapis.com x-goog-quota-user=projects/ecommerce-back-f101f
[debug] [2024-02-14T21:31:47.356Z] <<< [apiv2][status] GET https://serviceusage.googleapis.com/v1/projects/ecommerce-back-f101f/services/runtimeconfig.googleapis.com 200
[debug] [2024-02-14T21:31:47.356Z] <<< [apiv2][body] GET https://serviceusage.googleapis.com/v1/projects/ecommerce-back-f101f/services/runtimeconfig.googleapis.com [omitted]
[debug] [2024-02-14T21:31:47.504Z] <<< [apiv2][status] GET https://serviceusage.googleapis.com/v1/projects/ecommerce-back-f101f/services/cloudfunctions.googleapis.com 200
[debug] [2024-02-14T21:31:47.504Z] <<< [apiv2][body] GET https://serviceusage.googleapis.com/v1/projects/ecommerce-back-f101f/services/cloudfunctions.googleapis.com [omitted]
[debug] [2024-02-14T21:31:47.504Z] >>> [apiv2][query] POST https://serviceusage.googleapis.com/v1/projects/ecommerce-back-f101f/services/cloudfunctions.googleapis.com:enable [none]
[debug] [2024-02-14T21:31:47.504Z] >>> [apiv2][(partial)header] POST https://serviceusage.googleapis.com/v1/projects/ecommerce-back-f101f/services/cloudfunctions.googleapis.com:enable x-goog-quota-user=projects/ecommerce-back-f101f
[debug] [2024-02-14T21:31:48.191Z] <<< [apiv2][status] POST https://serviceusage.googleapis.com/v1/projects/ecommerce-back-f101f/services/cloudfunctions.googleapis.com:enable 200
[debug] [2024-02-14T21:31:48.191Z] <<< [apiv2][body] POST https://serviceusage.googleapis.com/v1/projects/ecommerce-back-f101f/services/cloudfunctions.googleapis.com:enable [omitted]
[debug] [2024-02-14T21:31:58.196Z] >>> [apiv2][query] GET https://serviceusage.googleapis.com/v1/projects/ecommerce-back-f101f/services/cloudfunctions.googleapis.com [none]
[debug] [2024-02-14T21:31:58.196Z] >>> [apiv2][(partial)header] GET https://serviceusage.googleapis.com/v1/projects/ecommerce-back-f101f/services/cloudfunctions.googleapis.com x-goog-quota-user=projects/ecommerce-back-f101f
[debug] [2024-02-14T21:31:59.680Z] <<< [apiv2][status] GET https://serviceusage.googleapis.com/v1/projects/ecommerce-back-f101f/services/cloudfunctions.googleapis.com 200
[debug] [2024-02-14T21:31:59.680Z] <<< [apiv2][body] GET https://serviceusage.googleapis.com/v1/projects/ecommerce-back-f101f/services/cloudfunctions.googleapis.com [omitted]
[info] Let's create a new codebase for your functions.
[info] A directory corresponding to the codebase will be created in your project
[info] with sample code pre-configured.

[info] See https://firebase.google.com/docs/functions/organize-functions for
[info] more information on organizing your functions using codebases.

[info] Functions can be deployed with firebase deploy.

[info] +  Wrote functions/package.json 
[info] +  Wrote functions/.eslintrc.js 
[info] +  Wrote functions/tsconfig.json 
[info] +  Wrote functions/tsconfig.dev.json 
[info] +  Wrote functions/src/index.ts 
[info] +  Wrote functions/.gitignore 
[info] 
=== Hosting Setup
[debug] [2024-02-14T21:39:04.157Z] >>> [apiv2][query] GET https://firebase.googleapis.com/v1beta1/projects/ecommerce-back-f101f [none]
[debug] [2024-02-14T21:39:04.785Z] <<< [apiv2][status] GET https://firebase.googleapis.com/v1beta1/projects/ecommerce-back-f101f 200
[debug] [2024-02-14T21:39:04.785Z] <<< [apiv2][body] GET https://firebase.googleapis.com/v1beta1/projects/ecommerce-back-f101f {"projectId":"ecommerce-back-f101f","projectNumber":"317867567246","displayName":"ecommerce-back","name":"projects/ecommerce-back-f101f","resources":{"hostingSite":"ecommerce-back-f101f","realtimeDatabaseInstance":"ecommerce-back-f101f-default-rtdb","storageBucket":"ecommerce-back-f101f.appspot.com","locationId":"us-central"},"state":"ACTIVE","etag":"1_72ac990f-6d01-40e9-af0d-080aa9bffb32"}
[info] 
[info] Your public directory is the folder (relative to your project directory) that
[info] will contain Hosting assets to be uploaded with firebase deploy. If you
[info] have a build process for your assets, use your build's output directory.
[info] 
[debug] [2024-02-14T21:52:52.009Z] >>> [apiv2][query] GET https://www.gstatic.com/firebasejs/releases.json [none]
[debug] [2024-02-14T21:52:52.298Z] <<< [apiv2][status] GET https://www.gstatic.com/firebasejs/releases.json 200
[debug] [2024-02-14T21:52:52.299Z] <<< [apiv2][body] GET https://www.gstatic.com/firebasejs/releases.json {"current":{"version":"10.8.0","browserURL":"https://www.gstatic.com/firebasejs/10.8.0/firebase.js","packageURL":"https://www.gstatic.com/firebasejs/10.8.0/firebase.tgz"},"live":{"version":"10.8","browserURL":"https://www.gstatic.com/firebasejs/live/10.8/firebase.js","packageURL":"https://www.gstatic.com/firebasejs/live/10.8/firebase.tgz"},"components":{"analytics":"https://www.gstatic.com/firebasejs/10.8.0/firebase-analytics.js","app":"https://www.gstatic.com/firebasejs/10.8.0/firebase-app.js","app-check":"https://www.gstatic.com/firebasejs/10.8.0/firebase-app-check.js","auth":"https://www.gstatic.com/firebasejs/10.8.0/firebase-auth.js","auth/cordova":"https://www.gstatic.com/firebasejs/10.8.0/firebase-auth/cordova.js","auth/web-extension":"https://www.gstatic.com/firebasejs/10.8.0/firebase-auth/web-extension.js","functions":"https://www.gstatic.com/firebasejs/10.8.0/firebase-functions.js","firestore":"https://www.gstatic.com/firebasejs/10.8.0/firebase-firestore.js","firestore/lite":"https://www.gstatic.com/firebasejs/10.8.0/firebase-firestore/lite.js","installations":"https://www.gstatic.com/firebasejs/10.8.0/firebase-installations.js","storage":"https://www.gstatic.com/firebasejs/10.8.0/firebase-storage.js","performance":"https://www.gstatic.com/firebasejs/10.8.0/firebase-performance.js","remote-config":"https://www.gstatic.com/firebasejs/10.8.0/firebase-remote-config.js","messaging":"https://www.gstatic.com/firebasejs/10.8.0/firebase-messaging.js","messaging/sw":"https://www.gstatic.com/firebasejs/10.8.0/firebase-messaging/sw.js","database":"https://www.gstatic.com/firebasejs/10.8.0/firebase-database.js","firestore.memory":"https://www.gstatic.com/firebasejs/10.8.0/firebase-firestore.memory.js"}}
[info] +  Wrote public/index.html 
[info] 
[info] i  Detected a .git folder at C:\proyectos personales\ecommers-app 
[info] i  Authorizing with GitHub to upload your service account to a GitHub repository's secrets store. 
[info] 
[info] Visit this URL on this device to log in:
[info] https://github.com/login/oauth/authorize?client_id=89cf50f02ac6aaed3484&state=912733416&redirect_uri=http%3A%2F%2Flocalhost%3A9005&scope=read%3Auser%20repo%20public_repo
[info] 
[info] Waiting for authentication...
[debug] [2024-02-14T22:07:11.965Z] >>> [apiv2][query] POST https://github.com/login/oauth/access_token [none]
[debug] [2024-02-14T22:07:11.965Z] >>> [apiv2][body] POST https://github.com/login/oauth/access_token [stream]
[debug] [2024-02-14T22:07:12.573Z] <<< [apiv2][status] POST https://github.com/login/oauth/access_token 200
[debug] [2024-02-14T22:07:12.573Z] <<< [apiv2][body] POST https://github.com/login/oauth/access_token {"access_token":"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","token_type":"bearer","scope":"read:user,repo"}
[debug] [2024-02-14T22:07:12.579Z] >>> [apiv2][query] GET https://api.github.com/user [none]
[debug] [2024-02-14T22:07:13.131Z] <<< [apiv2][status] GET https://api.github.com/user 200
[debug] [2024-02-14T22:07:13.131Z] <<< [apiv2][body] GET https://api.github.com/user {"login":"edsoncr798","id":52090526,"node_id":"MDQ6VXNlcjUyMDkwNTI2","avatar_url":"https://avatars.githubusercontent.com/u/52090526?v=4","gravatar_id":"","url":"https://api.github.com/users/edsoncr798","html_url":"https://github.com/edsoncr798","followers_url":"https://api.github.com/users/edsoncr798/followers","following_url":"https://api.github.com/users/edsoncr798/following{/other_user}","gists_url":"https://api.github.com/users/edsoncr798/gists{/gist_id}","starred_url":"https://api.github.com/users/edsoncr798/starred{/owner}{/repo}","subscriptions_url":"https://api.github.com/users/edsoncr798/subscriptions","organizations_url":"https://api.github.com/users/edsoncr798/orgs","repos_url":"https://api.github.com/users/edsoncr798/repos","events_url":"https://api.github.com/users/edsoncr798/events{/privacy}","received_events_url":"https://api.github.com/users/edsoncr798/received_events","type":"User","site_admin":false,"name":"Edson Andy","company":"las veces que sea necesario","blog":"","location":null,"email":null,"hireable":null,"bio":"Especialista en developer Front-end for the world,  usando las tecnologias React.js, Vue.js, Node.js, Postgret, etc.","twitter_username":null,"public_repos":31,"public_gists":0,"followers":2,"following":6,"created_at":"2019-06-22T01:06:20Z","updated_at":"2024-02-14T21:53:20Z","private_gists":0,"total_private_repos":2,"owned_private_repos":2,"disk_usage":48026,"collaborators":0,"two_factor_authentication":true,"plan":{"name":"free","space":976562499,"collaborators":0,"private_repos":10000}}
[info] 
[info] +  Success! Logged into GitHub as edsoncr798 
[info] 
[debug] [2024-02-14T22:07:32.100Z] >>> [apiv2][query] GET https://api.github.com/repos//actions/secrets/public-key type=owner
[debug] [2024-02-14T22:07:32.601Z] <<< [apiv2][status] GET https://api.github.com/repos//actions/secrets/public-key 404
[debug] [2024-02-14T22:07:32.601Z] <<< [apiv2][body] GET https://api.github.com/repos//actions/secrets/public-key {"message":"Not Found","documentation_url":"https://docs.github.com/rest"}
[info] 
[info] 
[error] !  The provided authorization cannot be used with this repository. If this repository is in an organization, did you remember to grant access? 
[info] 
[info] i  Action required: Visit this URL to ensure access has been granted to the appropriate organization(s) for the Firebase CLI GitHub OAuth App: 
[info] https://github.com/settings/connections/applications/89cf50f02ac6aaed3484
[info] 
[debug] [2024-02-14T22:08:19.658Z] >>> [apiv2][query] GET https://api.github.com/repos/user/actions/secrets/public-key type=owner
[debug] [2024-02-14T22:08:20.185Z] <<< [apiv2][status] GET https://api.github.com/repos/user/actions/secrets/public-key 404
[debug] [2024-02-14T22:08:20.185Z] <<< [apiv2][body] GET https://api.github.com/repos/user/actions/secrets/public-key {"message":"Not Found","documentation_url":"https://docs.github.com/rest"}
[info] 
[info] 
[error] !  The provided authorization cannot be used with this repository. If this repository is in an organization, did you remember to grant access? 
[info] 
[info] i  Action required: Visit this URL to ensure access has been granted to the appropriate organization(s) for the Firebase CLI GitHub OAuth App: 
[info] https://github.com/settings/connections/applications/89cf50f02ac6aaed3484
[info] 
[debug] [2024-02-14T22:12:24.847Z] >>> [apiv2][query] GET https://api.github.com/repos//actions/secrets/public-key type=owner
[debug] [2024-02-14T22:12:25.385Z] <<< [apiv2][status] GET https://api.github.com/repos//actions/secrets/public-key 404
[debug] [2024-02-14T22:12:25.386Z] <<< [apiv2][body] GET https://api.github.com/repos//actions/secrets/public-key {"message":"Not Found","documentation_url":"https://docs.github.com/rest"}
[info] 
[info] 
[error] !  The provided authorization cannot be used with this repository. If this repository is in an organization, did you remember to grant access? 
[info] 
[info] i  Action required: Visit this URL to ensure access has been granted to the appropriate organization(s) for the Firebase CLI GitHub OAuth App: 
[info] https://github.com/settings/connections/applications/89cf50f02ac6aaed3484
[info] 
[debug] [2024-02-14T22:20:06.182Z] >>> [apiv2][query] GET https://api.github.com/repos/repository/actions/secrets/public-key type=owner
[debug] [2024-02-14T22:20:06.750Z] <<< [apiv2][status] GET https://api.github.com/repos/repository/actions/secrets/public-key 404
[debug] [2024-02-14T22:20:06.750Z] <<< [apiv2][body] GET https://api.github.com/repos/repository/actions/secrets/public-key {"message":"Not Found","documentation_url":"https://docs.github.com/rest"}
[info] 
[info] 
[error] !  The provided authorization cannot be used with this repository. If this repository is in an organization, did you remember to grant access? 
[info] 
[info] i  Action required: Visit this URL to ensure access has been granted to the appropriate organization(s) for the Firebase CLI GitHub OAuth App: 
[info] https://github.com/settings/connections/applications/89cf50f02ac6aaed3484
[info] 
[debug] [2024-02-14T22:20:13.508Z] >>> [apiv2][query] GET https://api.github.com/repos/repository/actions/secrets/public-key type=owner
[debug] [2024-02-14T22:20:14.028Z] <<< [apiv2][status] GET https://api.github.com/repos/repository/actions/secrets/public-key 404
[debug] [2024-02-14T22:20:14.029Z] <<< [apiv2][body] GET https://api.github.com/repos/repository/actions/secrets/public-key {"message":"Not Found","documentation_url":"https://docs.github.com/rest"}
[info] 
[info] 
[error] !  The provided authorization cannot be used with this repository. If this repository is in an organization, did you remember to grant access? 
[info] 
[info] i  Action required: Visit this URL to ensure access has been granted to the appropriate organization(s) for the Firebase CLI GitHub OAuth App: 
[info] https://github.com/settings/connections/applications/89cf50f02ac6aaed3484
[info] 
[debug] [2024-02-14T22:20:21.252Z] >>> [apiv2][query] GET https://api.github.com/repos/r/actions/secrets/public-key type=owner
[debug] [2024-02-14T22:20:21.758Z] <<< [apiv2][status] GET https://api.github.com/repos/r/actions/secrets/public-key 404
[debug] [2024-02-14T22:20:21.758Z] <<< [apiv2][body] GET https://api.github.com/repos/r/actions/secrets/public-key {"message":"Not Found","documentation_url":"https://docs.github.com/rest"}
[info] 
[info] 
[error] !  The provided authorization cannot be used with this repository. If this repository is in an organization, did you remember to grant access? 
[info] 
[info] i  Action required: Visit this URL to ensure access has been granted to the appropriate organization(s) for the Firebase CLI GitHub OAuth App: 
[info] https://github.com/settings/connections/applications/89cf50f02ac6aaed3484
[info] 
[debug] [2024-02-14T22:24:27.762Z] >>> [apiv2][query] GET https://api.github.com/repos/q/actions/secrets/public-key type=owner
[debug] [2024-02-14T22:24:28.311Z] <<< [apiv2][status] GET https://api.github.com/repos/q/actions/secrets/public-key 404
[debug] [2024-02-14T22:24:28.313Z] <<< [apiv2][body] GET https://api.github.com/repos/q/actions/secrets/public-key {"message":"Not Found","documentation_url":"https://docs.github.com/rest"}
[info] 
[info] 
[error] !  The provided authorization cannot be used with this repository. If this repository is in an organization, did you remember to grant access? 
[info] 
[info] i  Action required: Visit this URL to ensure access has been granted to the appropriate organization(s) for the Firebase CLI GitHub OAuth App: 
[info] https://github.com/settings/connections/applications/89cf50f02ac6aaed3484
[info] 
[debug] [2024-02-14T22:26:10.153Z] >>> [apiv2][query] GET https://api.github.com/repos/r/actions/secrets/public-key type=owner
[debug] [2024-02-14T22:26:10.769Z] <<< [apiv2][status] GET https://api.github.com/repos/r/actions/secrets/public-key 404
[debug] [2024-02-14T22:26:10.770Z] <<< [apiv2][body] GET https://api.github.com/repos/r/actions/secrets/public-key {"message":"Not Found","documentation_url":"https://docs.github.com/rest"}
[info] 
[info] 
[error] !  The provided authorization cannot be used with this repository. If this repository is in an organization, did you remember to grant access? 
[info] 
[info] i  Action required: Visit this URL to ensure access has been granted to the appropriate organization(s) for the Firebase CLI GitHub OAuth App: 
[info] https://github.com/settings/connections/applications/89cf50f02ac6aaed3484
[info] 
[debug] [2024-02-14T22:26:19.347Z] >>> [apiv2][query] GET https://api.github.com/repos/repository/actions/secrets/public-key type=owner
[debug] [2024-02-14T22:26:19.846Z] <<< [apiv2][status] GET https://api.github.com/repos/repository/actions/secrets/public-key 404
[debug] [2024-02-14T22:26:19.846Z] <<< [apiv2][body] GET https://api.github.com/repos/repository/actions/secrets/public-key {"message":"Not Found","documentation_url":"https://docs.github.com/rest"}
[info] 
[info] 
[error] !  The provided authorization cannot be used with this repository. If this repository is in an organization, did you remember to grant access? 
[info] 
[info] i  Action required: Visit this URL to ensure access has been granted to the appropriate organization(s) for the Firebase CLI GitHub OAuth App: 
[info] https://github.com/settings/connections/applications/89cf50f02ac6aaed3484
[info] 
[debug] [2024-02-14T22:30:15.452Z] >>> [apiv2][query] GET https://api.github.com/repos/repository/actions/secrets/public-key type=owner
[debug] [2024-02-14T22:30:16.591Z] <<< [apiv2][status] GET https://api.github.com/repos/repository/actions/secrets/public-key 404
[debug] [2024-02-14T22:30:16.591Z] <<< [apiv2][body] GET https://api.github.com/repos/repository/actions/secrets/public-key {"message":"Not Found","documentation_url":"https://docs.github.com/rest"}
[info] 
[info] 
[error] !  The provided authorization cannot be used with this repository. If this repository is in an organization, did you remember to grant access? 
[info] 
[info] i  Action required: Visit this URL to ensure access has been granted to the appropriate organization(s) for the Firebase CLI GitHub OAuth App: 
[info] https://github.com/settings/connections/applications/89cf50f02ac6aaed3484
[info] 
